<?xml version="1.0" encoding="UTF-8"?>
<!-- Generated by org.testng.reporters.JUnitReportReporter -->
<testsuite hostname="iDeliver20-PC" name="com.salesforce.qa.testcases.LoginPageTest" tests="5" failures="0" timestamp="9 Jan 2020 13:53:32 GMT" time="153.438" errors="0">
  <testcase name="LoginTest" time="73.220" classname="com.salesforce.qa.testcases.LoginPageTest"/>
  <testcase name="CampaignsTest" time="29.459" classname="com.salesforce.qa.testcases.LoginPageTest"/>
  <testcase name="ContratTest" time="5.381" classname="com.salesforce.qa.testcases.LoginPageTest"/>
  <testcase name="LeadTest" time="40.513" classname="com.salesforce.qa.testcases.LoginPageTest"/>
  <testcase name="OrderTest" time="4.865" classname="com.salesforce.qa.testcases.LoginPageTest"/>
</testsuite> <!-- com.salesforce.qa.testcases.LoginPageTest -->
